{"/home/tom/spreadsheetEval/src/expressionEvaluator.js": {"path":"/home/tom/spreadsheetEval/src/expressionEvaluator.js","statementMap":{"0":{"start":{"line":1,"column":22},"end":{"line":1,"column":35}},"1":{"start":{"line":4,"column":2},"end":{"line":29,"column":3}},"2":{"start":{"line":6,"column":6},"end":{"line":6,"column":53}},"3":{"start":{"line":8,"column":6},"end":{"line":8,"column":43}},"4":{"start":{"line":10,"column":6},"end":{"line":10,"column":48}},"5":{"start":{"line":12,"column":6},"end":{"line":12,"column":46}},"6":{"start":{"line":14,"column":6},"end":{"line":14,"column":47}},"7":{"start":{"line":16,"column":6},"end":{"line":16,"column":45}},"8":{"start":{"line":18,"column":6},"end":{"line":18,"column":43}},"9":{"start":{"line":20,"column":6},"end":{"line":20,"column":43}},"10":{"start":{"line":22,"column":6},"end":{"line":22,"column":42}},"11":{"start":{"line":24,"column":6},"end":{"line":24,"column":42}},"12":{"start":{"line":26,"column":6},"end":{"line":26,"column":46}},"13":{"start":{"line":28,"column":6},"end":{"line":28,"column":27}},"14":{"start":{"line":33,"column":20},"end":{"line":33,"column":36}},"15":{"start":{"line":34,"column":2},"end":{"line":36,"column":3}},"16":{"start":{"line":35,"column":4},"end":{"line":35,"column":60}},"17":{"start":{"line":37,"column":2},"end":{"line":37,"column":19}},"18":{"start":{"line":41,"column":24},"end":{"line":41,"column":70}},"19":{"start":{"line":42,"column":18},"end":{"line":42,"column":53}},"20":{"start":{"line":43,"column":2},"end":{"line":45,"column":3}},"21":{"start":{"line":44,"column":4},"end":{"line":44,"column":25}},"22":{"start":{"line":46,"column":14},"end":{"line":46,"column":60}},"23":{"start":{"line":46,"column":45},"end":{"line":46,"column":56}},"24":{"start":{"line":47,"column":2},"end":{"line":47,"column":13}},"25":{"start":{"line":51,"column":24},"end":{"line":51,"column":70}},"26":{"start":{"line":52,"column":18},"end":{"line":52,"column":53}},"27":{"start":{"line":53,"column":2},"end":{"line":55,"column":3}},"28":{"start":{"line":54,"column":4},"end":{"line":54,"column":25}},"29":{"start":{"line":56,"column":18},"end":{"line":56,"column":64}},"30":{"start":{"line":56,"column":49},"end":{"line":56,"column":60}},"31":{"start":{"line":57,"column":2},"end":{"line":57,"column":17}},"32":{"start":{"line":61,"column":24},"end":{"line":61,"column":70}},"33":{"start":{"line":62,"column":18},"end":{"line":62,"column":53}},"34":{"start":{"line":63,"column":2},"end":{"line":65,"column":3}},"35":{"start":{"line":64,"column":4},"end":{"line":64,"column":25}},"36":{"start":{"line":66,"column":17},"end":{"line":66,"column":40}},"37":{"start":{"line":67,"column":26},"end":{"line":67,"column":34}},"38":{"start":{"line":68,"column":2},"end":{"line":72,"column":3}},"39":{"start":{"line":69,"column":4},"end":{"line":69,"column":18}},"40":{"start":{"line":71,"column":4},"end":{"line":71,"column":25}},"41":{"start":{"line":76,"column":24},"end":{"line":76,"column":70}},"42":{"start":{"line":77,"column":18},"end":{"line":77,"column":53}},"43":{"start":{"line":78,"column":2},"end":{"line":80,"column":3}},"44":{"start":{"line":79,"column":4},"end":{"line":79,"column":25}},"45":{"start":{"line":81,"column":31},"end":{"line":81,"column":38}},"46":{"start":{"line":82,"column":2},"end":{"line":82,"column":29}},"47":{"start":{"line":86,"column":24},"end":{"line":86,"column":70}},"48":{"start":{"line":87,"column":18},"end":{"line":87,"column":53}},"49":{"start":{"line":88,"column":2},"end":{"line":90,"column":3}},"50":{"start":{"line":89,"column":4},"end":{"line":89,"column":25}},"51":{"start":{"line":91,"column":31},"end":{"line":91,"column":38}},"52":{"start":{"line":92,"column":2},"end":{"line":92,"column":31}},"53":{"start":{"line":96,"column":24},"end":{"line":96,"column":70}},"54":{"start":{"line":97,"column":18},"end":{"line":97,"column":56}},"55":{"start":{"line":98,"column":2},"end":{"line":100,"column":3}},"56":{"start":{"line":99,"column":4},"end":{"line":99,"column":25}},"57":{"start":{"line":101,"column":2},"end":{"line":101,"column":18}},"58":{"start":{"line":105,"column":27},"end":{"line":105,"column":73}},"59":{"start":{"line":106,"column":21},"end":{"line":106,"column":59}},"60":{"start":{"line":107,"column":2},"end":{"line":109,"column":3}},"61":{"start":{"line":108,"column":4},"end":{"line":108,"column":25}},"62":{"start":{"line":110,"column":2},"end":{"line":110,"column":53}},"63":{"start":{"line":110,"column":37},"end":{"line":110,"column":51}},"64":{"start":{"line":114,"column":27},"end":{"line":114,"column":73}},"65":{"start":{"line":115,"column":21},"end":{"line":115,"column":58}},"66":{"start":{"line":116,"column":30},"end":{"line":121,"column":4}},"67":{"start":{"line":117,"column":4},"end":{"line":119,"column":5}},"68":{"start":{"line":118,"column":6},"end":{"line":118,"column":33}},"69":{"start":{"line":120,"column":4},"end":{"line":120,"column":17}},"70":{"start":{"line":123,"column":2},"end":{"line":125,"column":3}},"71":{"start":{"line":124,"column":4},"end":{"line":124,"column":25}},"72":{"start":{"line":127,"column":2},"end":{"line":129,"column":3}},"73":{"start":{"line":128,"column":4},"end":{"line":128,"column":16}},"74":{"start":{"line":131,"column":2},"end":{"line":131,"column":36}},"75":{"start":{"line":135,"column":19},"end":{"line":135,"column":42}},"76":{"start":{"line":136,"column":26},"end":{"line":136,"column":70}},"77":{"start":{"line":137,"column":26},"end":{"line":139,"column":11}},"78":{"start":{"line":140,"column":27},"end":{"line":142,"column":11}},"79":{"start":{"line":143,"column":20},"end":{"line":143,"column":61}},"80":{"start":{"line":144,"column":17},"end":{"line":144,"column":63}},"81":{"start":{"line":145,"column":2},"end":{"line":145,"column":22}},"82":{"start":{"line":149,"column":23},"end":{"line":149,"column":76}},"83":{"start":{"line":150,"column":17},"end":{"line":150,"column":50}},"84":{"start":{"line":151,"column":29},"end":{"line":151,"column":44}},"85":{"start":{"line":152,"column":2},"end":{"line":152,"column":28}},"86":{"start":{"line":156,"column":17},"end":{"line":156,"column":68}},"87":{"start":{"line":157,"column":25},"end":{"line":170,"column":4}},"88":{"start":{"line":158,"column":23},"end":{"line":158,"column":35}},"89":{"start":{"line":159,"column":4},"end":{"line":161,"column":5}},"90":{"start":{"line":160,"column":6},"end":{"line":160,"column":47}},"91":{"start":{"line":162,"column":4},"end":{"line":168,"column":5}},"92":{"start":{"line":163,"column":24},"end":{"line":163,"column":42}},"93":{"start":{"line":164,"column":6},"end":{"line":166,"column":7}},"94":{"start":{"line":165,"column":8},"end":{"line":165,"column":18}},"95":{"start":{"line":167,"column":6},"end":{"line":167,"column":31}},"96":{"start":{"line":169,"column":4},"end":{"line":169,"column":24}},"97":{"start":{"line":171,"column":2},"end":{"line":171,"column":24}},"98":{"start":{"line":175,"column":18},"end":{"line":185,"column":4}},"99":{"start":{"line":176,"column":23},"end":{"line":176,"column":33}},"100":{"start":{"line":177,"column":4},"end":{"line":183,"column":5}},"101":{"start":{"line":178,"column":6},"end":{"line":182,"column":7}},"102":{"start":{"line":179,"column":8},"end":{"line":179,"column":32}},"103":{"start":{"line":181,"column":8},"end":{"line":181,"column":19}},"104":{"start":{"line":184,"column":4},"end":{"line":184,"column":30}},"105":{"start":{"line":187,"column":2},"end":{"line":187,"column":17}},"106":{"start":{"line":191,"column":2},"end":{"line":191,"column":43}},"107":{"start":{"line":191,"column":31},"end":{"line":191,"column":41}},"108":{"start":{"line":195,"column":23},"end":{"line":195,"column":64}},"109":{"start":{"line":195,"column":52},"end":{"line":195,"column":62}},"110":{"start":{"line":196,"column":2},"end":{"line":196,"column":33}},"111":{"start":{"line":200,"column":2},"end":{"line":200,"column":80}},"112":{"start":{"line":200,"column":36},"end":{"line":200,"column":78}},"113":{"start":{"line":203,"column":0},"end":{"line":205,"column":2}}},"fnMap":{"0":{"name":"evaluateExpression","decl":{"start":{"line":3,"column":9},"end":{"line":3,"column":27}},"loc":{"start":{"line":3,"column":46},"end":{"line":30,"column":1}},"line":3},"1":{"name":"evaluateCellReference","decl":{"start":{"line":32,"column":9},"end":{"line":32,"column":30}},"loc":{"start":{"line":32,"column":49},"end":{"line":38,"column":1}},"line":32},"2":{"name":"evaluateSum","decl":{"start":{"line":40,"column":9},"end":{"line":40,"column":20}},"loc":{"start":{"line":40,"column":39},"end":{"line":48,"column":1}},"line":40},"3":{"name":"(anonymous_3)","decl":{"start":{"line":46,"column":29},"end":{"line":46,"column":30}},"loc":{"start":{"line":46,"column":45},"end":{"line":46,"column":56}},"line":46},"4":{"name":"evaluateMultiply","decl":{"start":{"line":50,"column":9},"end":{"line":50,"column":25}},"loc":{"start":{"line":50,"column":44},"end":{"line":58,"column":1}},"line":50},"5":{"name":"(anonymous_5)","decl":{"start":{"line":56,"column":33},"end":{"line":56,"column":34}},"loc":{"start":{"line":56,"column":49},"end":{"line":56,"column":60}},"line":56},"6":{"name":"evaluateDivide","decl":{"start":{"line":60,"column":9},"end":{"line":60,"column":23}},"loc":{"start":{"line":60,"column":42},"end":{"line":73,"column":1}},"line":60},"7":{"name":"evaluateGreater","decl":{"start":{"line":75,"column":9},"end":{"line":75,"column":24}},"loc":{"start":{"line":75,"column":43},"end":{"line":83,"column":1}},"line":75},"8":{"name":"evaluateEqual","decl":{"start":{"line":85,"column":9},"end":{"line":85,"column":22}},"loc":{"start":{"line":85,"column":41},"end":{"line":93,"column":1}},"line":85},"9":{"name":"evaluateNot","decl":{"start":{"line":95,"column":9},"end":{"line":95,"column":20}},"loc":{"start":{"line":95,"column":39},"end":{"line":102,"column":1}},"line":95},"10":{"name":"evaluateAnd","decl":{"start":{"line":104,"column":9},"end":{"line":104,"column":20}},"loc":{"start":{"line":104,"column":39},"end":{"line":111,"column":1}},"line":104},"11":{"name":"(anonymous_11)","decl":{"start":{"line":110,"column":26},"end":{"line":110,"column":27}},"loc":{"start":{"line":110,"column":37},"end":{"line":110,"column":51}},"line":110},"12":{"name":"evaluateOr","decl":{"start":{"line":113,"column":9},"end":{"line":113,"column":19}},"loc":{"start":{"line":113,"column":38},"end":{"line":132,"column":1}},"line":113},"13":{"name":"(anonymous_13)","decl":{"start":{"line":116,"column":45},"end":{"line":116,"column":46}},"loc":{"start":{"line":116,"column":56},"end":{"line":121,"column":3}},"line":116},"14":{"name":"evaluateIf","decl":{"start":{"line":134,"column":9},"end":{"line":134,"column":19}},"loc":{"start":{"line":134,"column":38},"end":{"line":146,"column":1}},"line":134},"15":{"name":"evaluateConcat","decl":{"start":{"line":148,"column":9},"end":{"line":148,"column":23}},"loc":{"start":{"line":148,"column":42},"end":{"line":153,"column":1}},"line":148},"16":{"name":"extractValues","decl":{"start":{"line":155,"column":9},"end":{"line":155,"column":22}},"loc":{"start":{"line":155,"column":43},"end":{"line":172,"column":1}},"line":155},"17":{"name":"(anonymous_17)","decl":{"start":{"line":157,"column":36},"end":{"line":157,"column":37}},"loc":{"start":{"line":157,"column":47},"end":{"line":170,"column":3}},"line":157},"18":{"name":"extractNumbers","decl":{"start":{"line":174,"column":9},"end":{"line":174,"column":23}},"loc":{"start":{"line":174,"column":45},"end":{"line":188,"column":1}},"line":174},"19":{"name":"(anonymous_19)","decl":{"start":{"line":175,"column":47},"end":{"line":175,"column":48}},"loc":{"start":{"line":175,"column":56},"end":{"line":185,"column":3}},"line":175},"20":{"name":"hasInvalidNumbers","decl":{"start":{"line":190,"column":9},"end":{"line":190,"column":26}},"loc":{"start":{"line":190,"column":36},"end":{"line":192,"column":1}},"line":190},"21":{"name":"(anonymous_21)","decl":{"start":{"line":191,"column":22},"end":{"line":191,"column":23}},"loc":{"start":{"line":191,"column":31},"end":{"line":191,"column":41}},"line":191},"22":{"name":"hasSameOperandType","decl":{"start":{"line":194,"column":9},"end":{"line":194,"column":27}},"loc":{"start":{"line":194,"column":37},"end":{"line":197,"column":1}},"line":194},"23":{"name":"(anonymous_23)","decl":{"start":{"line":195,"column":43},"end":{"line":195,"column":44}},"loc":{"start":{"line":195,"column":52},"end":{"line":195,"column":62}},"line":195},"24":{"name":"hasInvalidParameters","decl":{"start":{"line":199,"column":9},"end":{"line":199,"column":29}},"loc":{"start":{"line":199,"column":42},"end":{"line":201,"column":1}},"line":199},"25":{"name":"(anonymous_25)","decl":{"start":{"line":200,"column":25},"end":{"line":200,"column":26}},"loc":{"start":{"line":200,"column":36},"end":{"line":200,"column":78}},"line":200}},"branchMap":{"0":{"loc":{"start":{"line":4,"column":2},"end":{"line":29,"column":3}},"type":"switch","locations":[{"start":{"line":5,"column":4},"end":{"line":6,"column":53}},{"start":{"line":7,"column":4},"end":{"line":8,"column":43}},{"start":{"line":9,"column":4},"end":{"line":10,"column":48}},{"start":{"line":11,"column":4},"end":{"line":12,"column":46}},{"start":{"line":13,"column":4},"end":{"line":14,"column":47}},{"start":{"line":15,"column":4},"end":{"line":16,"column":45}},{"start":{"line":17,"column":4},"end":{"line":18,"column":43}},{"start":{"line":19,"column":4},"end":{"line":20,"column":43}},{"start":{"line":21,"column":4},"end":{"line":22,"column":42}},{"start":{"line":23,"column":4},"end":{"line":24,"column":42}},{"start":{"line":25,"column":4},"end":{"line":26,"column":46}},{"start":{"line":27,"column":4},"end":{"line":28,"column":27}}],"line":4},"1":{"loc":{"start":{"line":34,"column":2},"end":{"line":36,"column":3}},"type":"if","locations":[{"start":{"line":34,"column":2},"end":{"line":36,"column":3}},{"start":{},"end":{}}],"line":34},"2":{"loc":{"start":{"line":34,"column":6},"end":{"line":34,"column":64}},"type":"binary-expr","locations":[{"start":{"line":34,"column":6},"end":{"line":34,"column":35}},{"start":{"line":34,"column":39},"end":{"line":34,"column":64}}],"line":34},"3":{"loc":{"start":{"line":43,"column":2},"end":{"line":45,"column":3}},"type":"if","locations":[{"start":{"line":43,"column":2},"end":{"line":45,"column":3}},{"start":{},"end":{}}],"line":43},"4":{"loc":{"start":{"line":53,"column":2},"end":{"line":55,"column":3}},"type":"if","locations":[{"start":{"line":53,"column":2},"end":{"line":55,"column":3}},{"start":{},"end":{}}],"line":53},"5":{"loc":{"start":{"line":53,"column":6},"end":{"line":53,"column":64}},"type":"binary-expr","locations":[{"start":{"line":53,"column":6},"end":{"line":53,"column":32}},{"start":{"line":53,"column":36},"end":{"line":53,"column":64}}],"line":53},"6":{"loc":{"start":{"line":63,"column":2},"end":{"line":65,"column":3}},"type":"if","locations":[{"start":{"line":63,"column":2},"end":{"line":65,"column":3}},{"start":{},"end":{}}],"line":63},"7":{"loc":{"start":{"line":63,"column":6},"end":{"line":63,"column":76}},"type":"binary-expr","locations":[{"start":{"line":63,"column":6},"end":{"line":63,"column":32}},{"start":{"line":63,"column":36},"end":{"line":63,"column":56}},{"start":{"line":63,"column":60},"end":{"line":63,"column":76}}],"line":63},"8":{"loc":{"start":{"line":68,"column":2},"end":{"line":72,"column":3}},"type":"if","locations":[{"start":{"line":68,"column":2},"end":{"line":72,"column":3}},{"start":{"line":70,"column":9},"end":{"line":72,"column":3}}],"line":68},"9":{"loc":{"start":{"line":78,"column":2},"end":{"line":80,"column":3}},"type":"if","locations":[{"start":{"line":78,"column":2},"end":{"line":80,"column":3}},{"start":{},"end":{}}],"line":78},"10":{"loc":{"start":{"line":78,"column":6},"end":{"line":78,"column":56}},"type":"binary-expr","locations":[{"start":{"line":78,"column":6},"end":{"line":78,"column":32}},{"start":{"line":78,"column":36},"end":{"line":78,"column":56}}],"line":78},"11":{"loc":{"start":{"line":88,"column":2},"end":{"line":90,"column":3}},"type":"if","locations":[{"start":{"line":88,"column":2},"end":{"line":90,"column":3}},{"start":{},"end":{}}],"line":88},"12":{"loc":{"start":{"line":88,"column":6},"end":{"line":88,"column":56}},"type":"binary-expr","locations":[{"start":{"line":88,"column":6},"end":{"line":88,"column":32}},{"start":{"line":88,"column":36},"end":{"line":88,"column":56}}],"line":88},"13":{"loc":{"start":{"line":98,"column":2},"end":{"line":100,"column":3}},"type":"if","locations":[{"start":{"line":98,"column":2},"end":{"line":100,"column":3}},{"start":{},"end":{}}],"line":98},"14":{"loc":{"start":{"line":107,"column":2},"end":{"line":109,"column":3}},"type":"if","locations":[{"start":{"line":107,"column":2},"end":{"line":109,"column":3}},{"start":{},"end":{}}],"line":107},"15":{"loc":{"start":{"line":117,"column":4},"end":{"line":119,"column":5}},"type":"if","locations":[{"start":{"line":117,"column":4},"end":{"line":119,"column":5}},{"start":{},"end":{}}],"line":117},"16":{"loc":{"start":{"line":123,"column":2},"end":{"line":125,"column":3}},"type":"if","locations":[{"start":{"line":123,"column":2},"end":{"line":125,"column":3}},{"start":{},"end":{}}],"line":123},"17":{"loc":{"start":{"line":127,"column":2},"end":{"line":129,"column":3}},"type":"if","locations":[{"start":{"line":127,"column":2},"end":{"line":129,"column":3}},{"start":{},"end":{}}],"line":127},"18":{"loc":{"start":{"line":144,"column":17},"end":{"line":144,"column":63}},"type":"cond-expr","locations":[{"start":{"line":144,"column":29},"end":{"line":144,"column":44}},{"start":{"line":144,"column":47},"end":{"line":144,"column":63}}],"line":144},"19":{"loc":{"start":{"line":159,"column":4},"end":{"line":161,"column":5}},"type":"if","locations":[{"start":{"line":159,"column":4},"end":{"line":161,"column":5}},{"start":{},"end":{}}],"line":159},"20":{"loc":{"start":{"line":162,"column":4},"end":{"line":168,"column":5}},"type":"if","locations":[{"start":{"line":162,"column":4},"end":{"line":168,"column":5}},{"start":{},"end":{}}],"line":162},"21":{"loc":{"start":{"line":164,"column":6},"end":{"line":166,"column":7}},"type":"if","locations":[{"start":{"line":164,"column":6},"end":{"line":166,"column":7}},{"start":{},"end":{}}],"line":164},"22":{"loc":{"start":{"line":177,"column":4},"end":{"line":183,"column":5}},"type":"if","locations":[{"start":{"line":177,"column":4},"end":{"line":183,"column":5}},{"start":{},"end":{}}],"line":177},"23":{"loc":{"start":{"line":178,"column":6},"end":{"line":182,"column":7}},"type":"if","locations":[{"start":{"line":178,"column":6},"end":{"line":182,"column":7}},{"start":{"line":180,"column":13},"end":{"line":182,"column":7}}],"line":178},"24":{"loc":{"start":{"line":200,"column":36},"end":{"line":200,"column":78}},"type":"binary-expr","locations":[{"start":{"line":200,"column":36},"end":{"line":200,"column":48}},{"start":{"line":200,"column":52},"end":{"line":200,"column":78}}],"line":200}},"s":{"0":1,"1":19,"2":2,"3":2,"4":1,"5":1,"6":2,"7":2,"8":2,"9":2,"10":2,"11":0,"12":1,"13":2,"14":2,"15":2,"16":0,"17":2,"18":2,"19":2,"20":2,"21":1,"22":1,"23":2,"24":1,"25":1,"26":1,"27":1,"28":0,"29":1,"30":2,"31":1,"32":1,"33":1,"34":1,"35":0,"36":1,"37":1,"38":1,"39":1,"40":0,"41":2,"42":2,"43":2,"44":0,"45":2,"46":2,"47":2,"48":2,"49":2,"50":0,"51":2,"52":2,"53":2,"54":2,"55":2,"56":0,"57":2,"58":2,"59":2,"60":2,"61":0,"62":2,"63":4,"64":2,"65":2,"66":2,"67":4,"68":0,"69":4,"70":2,"71":0,"72":2,"73":1,"74":1,"75":0,"76":0,"77":0,"78":0,"79":0,"80":0,"81":0,"82":1,"83":1,"84":1,"85":1,"86":3,"87":3,"88":6,"89":6,"90":0,"91":6,"92":6,"93":6,"94":0,"95":6,"96":0,"97":3,"98":12,"99":23,"100":23,"101":23,"102":22,"103":1,"104":0,"105":12,"106":8,"107":16,"108":3,"109":6,"110":3,"111":2,"112":4,"113":1},"f":{"0":19,"1":2,"2":2,"3":2,"4":1,"5":2,"6":1,"7":2,"8":2,"9":2,"10":2,"11":4,"12":2,"13":4,"14":0,"15":1,"16":3,"17":6,"18":12,"19":23,"20":8,"21":16,"22":3,"23":6,"24":2,"25":4},"b":{"0":[2,2,1,1,2,2,2,2,2,0,1,2],"1":[0,2],"2":[2,0],"3":[1,1],"4":[0,1],"5":[1,1],"6":[0,1],"7":[1,1,1],"8":[1,0],"9":[0,2],"10":[2,2],"11":[0,2],"12":[2,2],"13":[0,2],"14":[0,2],"15":[0,4],"16":[0,2],"17":[1,1],"18":[0,0],"19":[0,6],"20":[6,0],"21":[0,6],"22":[23,0],"23":[22,1],"24":[4,4]},"_coverageSchema":"1a1c01bbd47fc00a2c39e90264f33305004495a9","hash":"ac97496afb39bfdafb079a4eebdc5c716016063b"}
}
