TN:
SF:src/expressionEvaluator.js
FN:3,evaluateExpression
FN:32,evaluateCellReference
FN:40,evaluateSum
FN:46,(anonymous_3)
FN:50,evaluateMultiply
FN:56,(anonymous_5)
FN:60,evaluateDivide
FN:75,evaluateGreater
FN:85,evaluateEqual
FN:95,evaluateNot
FN:104,evaluateAnd
FN:110,(anonymous_11)
FN:113,evaluateOr
FN:116,(anonymous_13)
FN:134,evaluateIf
FN:148,evaluateConcat
FN:155,extractValues
FN:157,(anonymous_17)
FN:174,extractNumbers
FN:175,(anonymous_19)
FN:190,hasInvalidNumbers
FN:191,(anonymous_21)
FN:194,hasSameOperandType
FN:195,(anonymous_23)
FN:199,hasInvalidParameters
FN:200,(anonymous_25)
FNF:26
FNH:25
FNDA:19,evaluateExpression
FNDA:2,evaluateCellReference
FNDA:2,evaluateSum
FNDA:2,(anonymous_3)
FNDA:1,evaluateMultiply
FNDA:2,(anonymous_5)
FNDA:1,evaluateDivide
FNDA:2,evaluateGreater
FNDA:2,evaluateEqual
FNDA:2,evaluateNot
FNDA:2,evaluateAnd
FNDA:4,(anonymous_11)
FNDA:2,evaluateOr
FNDA:4,(anonymous_13)
FNDA:0,evaluateIf
FNDA:1,evaluateConcat
FNDA:3,extractValues
FNDA:6,(anonymous_17)
FNDA:12,extractNumbers
FNDA:23,(anonymous_19)
FNDA:8,hasInvalidNumbers
FNDA:16,(anonymous_21)
FNDA:3,hasSameOperandType
FNDA:6,(anonymous_23)
FNDA:2,hasInvalidParameters
FNDA:4,(anonymous_25)
DA:1,1
DA:4,19
DA:6,2
DA:8,2
DA:10,1
DA:12,1
DA:14,2
DA:16,2
DA:18,2
DA:20,2
DA:22,2
DA:24,0
DA:26,1
DA:28,2
DA:33,2
DA:34,2
DA:35,0
DA:37,2
DA:41,2
DA:42,2
DA:43,2
DA:44,1
DA:46,2
DA:47,1
DA:51,1
DA:52,1
DA:53,1
DA:54,0
DA:56,2
DA:57,1
DA:61,1
DA:62,1
DA:63,1
DA:64,0
DA:66,1
DA:67,1
DA:68,1
DA:69,1
DA:71,0
DA:76,2
DA:77,2
DA:78,2
DA:79,0
DA:81,2
DA:82,2
DA:86,2
DA:87,2
DA:88,2
DA:89,0
DA:91,2
DA:92,2
DA:96,2
DA:97,2
DA:98,2
DA:99,0
DA:101,2
DA:105,2
DA:106,2
DA:107,2
DA:108,0
DA:110,4
DA:114,2
DA:115,2
DA:116,2
DA:117,4
DA:118,0
DA:120,4
DA:123,2
DA:124,0
DA:127,2
DA:128,1
DA:131,1
DA:135,0
DA:136,0
DA:137,0
DA:140,0
DA:143,0
DA:144,0
DA:145,0
DA:149,1
DA:150,1
DA:151,1
DA:152,1
DA:156,3
DA:157,3
DA:158,6
DA:159,6
DA:160,0
DA:162,6
DA:163,6
DA:164,6
DA:165,0
DA:167,6
DA:169,0
DA:171,3
DA:175,12
DA:176,23
DA:177,23
DA:178,23
DA:179,22
DA:181,1
DA:184,0
DA:187,12
DA:191,16
DA:195,6
DA:196,3
DA:200,4
DA:203,1
LF:108
LH:86
BRDA:4,0,0,2
BRDA:4,0,1,2
BRDA:4,0,2,1
BRDA:4,0,3,1
BRDA:4,0,4,2
BRDA:4,0,5,2
BRDA:4,0,6,2
BRDA:4,0,7,2
BRDA:4,0,8,2
BRDA:4,0,9,0
BRDA:4,0,10,1
BRDA:4,0,11,2
BRDA:34,1,0,0
BRDA:34,1,1,2
BRDA:34,2,0,2
BRDA:34,2,1,0
BRDA:43,3,0,1
BRDA:43,3,1,1
BRDA:53,4,0,0
BRDA:53,4,1,1
BRDA:53,5,0,1
BRDA:53,5,1,1
BRDA:63,6,0,0
BRDA:63,6,1,1
BRDA:63,7,0,1
BRDA:63,7,1,1
BRDA:63,7,2,1
BRDA:68,8,0,1
BRDA:68,8,1,0
BRDA:78,9,0,0
BRDA:78,9,1,2
BRDA:78,10,0,2
BRDA:78,10,1,2
BRDA:88,11,0,0
BRDA:88,11,1,2
BRDA:88,12,0,2
BRDA:88,12,1,2
BRDA:98,13,0,0
BRDA:98,13,1,2
BRDA:107,14,0,0
BRDA:107,14,1,2
BRDA:117,15,0,0
BRDA:117,15,1,4
BRDA:123,16,0,0
BRDA:123,16,1,2
BRDA:127,17,0,1
BRDA:127,17,1,1
BRDA:144,18,0,0
BRDA:144,18,1,0
BRDA:159,19,0,0
BRDA:159,19,1,6
BRDA:162,20,0,6
BRDA:162,20,1,0
BRDA:164,21,0,0
BRDA:164,21,1,6
BRDA:177,22,0,23
BRDA:177,22,1,0
BRDA:178,23,0,22
BRDA:178,23,1,1
BRDA:200,24,0,4
BRDA:200,24,1,4
BRF:61
BRH:43
end_of_record
